<?xml version="1.0" encoding="UTF-8"?>
<testng-results skipped="0" failed="0" ignored="0" total="3" passed="3">
  <reporter-output>
  </reporter-output>
  <suite name="Suite" duration-ms="42149" started-at="2019-11-04T19:13:02 IST" finished-at="2019-11-04T19:13:44 IST">
    <groups>
    </groups>
    <test name="Test" duration-ms="42149" started-at="2019-11-04T19:13:02 IST" finished-at="2019-11-04T19:13:44 IST">
      <class name="completetestng_demo.testngclass">
        <test-method status="PASS" signature="login(java.lang.String)[pri:0, instance:completetestng_demo.testngclass@1dfe2924]" name="login" duration-ms="32927" started-at="2019-11-04T19:13:02 IST" description="login method test" finished-at="2019-11-04T19:13:35 IST">
          <params>
            <param index="0">
              <value>
                <![CDATA[abv]]>
              </value>
            </param>
          </params>
          <reporter-output>
          </reporter-output>
        </test-method> <!-- login -->
        <test-method status="PASS" signature="logout()[pri:0, instance:completetestng_demo.testngclass@1dfe2924]" name="logout" duration-ms="2" started-at="2019-11-04T19:13:35 IST" description="logout method test" finished-at="2019-11-04T19:13:35 IST">
          <reporter-output>
          </reporter-output>
        </test-method> <!-- logout -->
        <test-method status="PASS" signature="navigate(java.lang.String, java.lang.String)[pri:0, instance:completetestng_demo.testngclass@1dfe2924]" name="navigate" duration-ms="9052" started-at="2019-11-04T19:13:35 IST" description="navigate method test" finished-at="2019-11-04T19:13:44 IST">
          <params>
            <param index="0">
              <value>
                <![CDATA[abv]]>
              </value>
            </param>
            <param index="1">
              <value>
                <![CDATA[chachadi]]>
              </value>
            </param>
          </params>
          <reporter-output>
          </reporter-output>
        </test-method> <!-- navigate -->
      </class> <!-- completetestng_demo.testngclass -->
    </test> <!-- Test -->
  </suite> <!-- Suite -->
</testng-results>
