<?xml version="1.0" encoding="UTF-8"?>
<!-- Generated by org.testng.reporters.JUnitXMLReporter -->
<testsuite hostname="VD3AMSTW10P174" ignored="0" name="Test" tests="3" failures="0" timestamp="2019-11-04T19:13:44 IST" time="42.149" errors="0">
  <testcase name="login" time="32.927" classname="completetestng_demo.testngclass"/>
  <testcase name="logout" time="0.002" classname="completetestng_demo.testngclass"/>
  <testcase name="navigate" time="9.052" classname="completetestng_demo.testngclass"/>
</testsuite> <!-- Test -->
